running egg_info
writing ../../../build/multi_slam/multi_slam.egg-info/PKG-INFO
writing dependency_links to ../../../build/multi_slam/multi_slam.egg-info/dependency_links.txt
writing entry points to ../../../build/multi_slam/multi_slam.egg-info/entry_points.txt
writing requirements to ../../../build/multi_slam/multi_slam.egg-info/requires.txt
writing top-level names to ../../../build/multi_slam/multi_slam.egg-info/top_level.txt
reading manifest file '../../../build/multi_slam/multi_slam.egg-info/SOURCES.txt'
adding license file 'LICENSE'
writing manifest file '../../../build/multi_slam/multi_slam.egg-info/SOURCES.txt'
running build
running build_py
running install
running install_lib
running install_data
running install_egg_info
removing '/home/tkleeneuron/cs133b-final-project/install/multi_slam/lib/python3.10/site-packages/multi_slam-0.0.0-py3.10.egg-info' (and everything under it)
Copying ../../../build/multi_slam/multi_slam.egg-info to /home/tkleeneuron/cs133b-final-project/install/multi_slam/lib/python3.10/site-packages/multi_slam-0.0.0-py3.10.egg-info
running install_scripts
Installing beacons_node script to /home/tkleeneuron/cs133b-final-project/install/multi_slam/lib/multi_slam
Installing controller_node script to /home/tkleeneuron/cs133b-final-project/install/multi_slam/lib/multi_slam
Installing lidar_node script to /home/tkleeneuron/cs133b-final-project/install/multi_slam/lib/multi_slam
Installing simulation_node script to /home/tkleeneuron/cs133b-final-project/install/multi_slam/lib/multi_slam
Installing visualization_node script to /home/tkleeneuron/cs133b-final-project/install/multi_slam/lib/multi_slam
writing list of installed files to '/home/tkleeneuron/cs133b-final-project/build/multi_slam/install.log'
