[0.688s] Invoking command in '/home/tkleeneuron/cs133b-final-project/multi_slam_ws/src/multi_slam': PYTHONPATH=/home/tkleeneuron/cs133b-final-project/build/multi_slam/prefix_override:/usr/lib/python3/dist-packages/colcon_core/task/python/colcon_distutils_commands:/home/tkleeneuron/cs133b-final-project/install/multi_slam/lib/python3.10/site-packages:${PYTHONPATH} /usr/bin/python3 -W ignore:setup.py install is deprecated -W ignore:easy_install command is deprecated setup.py egg_info --egg-base ../../../build/multi_slam build --build-base /home/tkleeneuron/cs133b-final-project/build/multi_slam/build install --record /home/tkleeneuron/cs133b-final-project/build/multi_slam/install.log --single-version-externally-managed install_data
[0.909s] running egg_info
[0.909s] writing ../../../build/multi_slam/multi_slam.egg-info/PKG-INFO
[0.909s] writing dependency_links to ../../../build/multi_slam/multi_slam.egg-info/dependency_links.txt
[0.909s] writing entry points to ../../../build/multi_slam/multi_slam.egg-info/entry_points.txt
[0.909s] writing requirements to ../../../build/multi_slam/multi_slam.egg-info/requires.txt
[0.909s] writing top-level names to ../../../build/multi_slam/multi_slam.egg-info/top_level.txt
[0.911s] reading manifest file '../../../build/multi_slam/multi_slam.egg-info/SOURCES.txt'
[0.911s] adding license file 'LICENSE'
[0.911s] writing manifest file '../../../build/multi_slam/multi_slam.egg-info/SOURCES.txt'
[0.911s] running build
[0.911s] running build_py
[0.911s] copying multi_slam/ControllerNode.py -> /home/tkleeneuron/cs133b-final-project/build/multi_slam/build/lib/multi_slam
[0.911s] copying multi_slam/PhysicsSimNode.py -> /home/tkleeneuron/cs133b-final-project/build/multi_slam/build/lib/multi_slam
[0.912s] copying multi_slam/Map.py -> /home/tkleeneuron/cs133b-final-project/build/multi_slam/build/lib/multi_slam
[0.912s] running install
[0.912s] running install_lib
[0.913s] copying /home/tkleeneuron/cs133b-final-project/build/multi_slam/build/lib/multi_slam/ControllerNode.py -> /home/tkleeneuron/cs133b-final-project/install/multi_slam/lib/python3.10/site-packages/multi_slam
[0.913s] copying /home/tkleeneuron/cs133b-final-project/build/multi_slam/build/lib/multi_slam/PhysicsSimNode.py -> /home/tkleeneuron/cs133b-final-project/install/multi_slam/lib/python3.10/site-packages/multi_slam
[0.913s] copying /home/tkleeneuron/cs133b-final-project/build/multi_slam/build/lib/multi_slam/Map.py -> /home/tkleeneuron/cs133b-final-project/install/multi_slam/lib/python3.10/site-packages/multi_slam
[0.914s] byte-compiling /home/tkleeneuron/cs133b-final-project/install/multi_slam/lib/python3.10/site-packages/multi_slam/ControllerNode.py to ControllerNode.cpython-310.pyc
[0.917s] byte-compiling /home/tkleeneuron/cs133b-final-project/install/multi_slam/lib/python3.10/site-packages/multi_slam/PhysicsSimNode.py to PhysicsSimNode.cpython-310.pyc
[0.918s] byte-compiling /home/tkleeneuron/cs133b-final-project/install/multi_slam/lib/python3.10/site-packages/multi_slam/Map.py to Map.cpython-310.pyc
[0.919s] running install_data
[0.919s] copying package.xml -> /home/tkleeneuron/cs133b-final-project/install/multi_slam/share/multi_slam
[0.919s] creating /home/tkleeneuron/cs133b-final-project/install/multi_slam/share/multi_slam/launch
[0.919s] copying launch/demo.launch.py -> /home/tkleeneuron/cs133b-final-project/install/multi_slam/share/multi_slam/launch
[0.919s] running install_egg_info
[0.921s] removing '/home/tkleeneuron/cs133b-final-project/install/multi_slam/lib/python3.10/site-packages/multi_slam-0.0.0-py3.10.egg-info' (and everything under it)
[0.921s] Copying ../../../build/multi_slam/multi_slam.egg-info to /home/tkleeneuron/cs133b-final-project/install/multi_slam/lib/python3.10/site-packages/multi_slam-0.0.0-py3.10.egg-info
[0.923s] running install_scripts
[0.942s] Installing beacons_node script to /home/tkleeneuron/cs133b-final-project/install/multi_slam/lib/multi_slam
[0.942s] Installing controller_node script to /home/tkleeneuron/cs133b-final-project/install/multi_slam/lib/multi_slam
[0.942s] Installing lidar_node script to /home/tkleeneuron/cs133b-final-project/install/multi_slam/lib/multi_slam
[0.942s] Installing simulation_node script to /home/tkleeneuron/cs133b-final-project/install/multi_slam/lib/multi_slam
[0.942s] Installing visualization_node script to /home/tkleeneuron/cs133b-final-project/install/multi_slam/lib/multi_slam
[0.943s] writing list of installed files to '/home/tkleeneuron/cs133b-final-project/build/multi_slam/install.log'
[0.972s] Invoked command in '/home/tkleeneuron/cs133b-final-project/multi_slam_ws/src/multi_slam' returned '0': PYTHONPATH=/home/tkleeneuron/cs133b-final-project/build/multi_slam/prefix_override:/usr/lib/python3/dist-packages/colcon_core/task/python/colcon_distutils_commands:/home/tkleeneuron/cs133b-final-project/install/multi_slam/lib/python3.10/site-packages:${PYTHONPATH} /usr/bin/python3 -W ignore:setup.py install is deprecated -W ignore:easy_install command is deprecated setup.py egg_info --egg-base ../../../build/multi_slam build --build-base /home/tkleeneuron/cs133b-final-project/build/multi_slam/build install --record /home/tkleeneuron/cs133b-final-project/build/multi_slam/install.log --single-version-externally-managed install_data
