running develop
running egg_info
creating uav_controller_node.egg-info
writing uav_controller_node.egg-info/PKG-INFO
writing dependency_links to uav_controller_node.egg-info/dependency_links.txt
writing entry points to uav_controller_node.egg-info/entry_points.txt
writing requirements to uav_controller_node.egg-info/requires.txt
writing top-level names to uav_controller_node.egg-info/top_level.txt
writing manifest file 'uav_controller_node.egg-info/SOURCES.txt'
reading manifest file 'uav_controller_node.egg-info/SOURCES.txt'
writing manifest file 'uav_controller_node.egg-info/SOURCES.txt'
running build_ext
Creating /home/tkleeneuron/cs133b-final-project/install/uav_controller_node/lib/python3.10/site-packages/uav-controller-node.egg-link (link to .)

Installed /home/tkleeneuron/cs133b-final-project/build/uav_controller_node
running symlink_data
creating /home/tkleeneuron/cs133b-final-project/install/uav_controller_node/share/ament_index
creating /home/tkleeneuron/cs133b-final-project/install/uav_controller_node/share/ament_index/resource_index
creating /home/tkleeneuron/cs133b-final-project/install/uav_controller_node/share/ament_index/resource_index/packages
symbolically linking /home/tkleeneuron/cs133b-final-project/build/uav_controller_node/resource/uav_controller_node -> /home/tkleeneuron/cs133b-final-project/install/uav_controller_node/share/ament_index/resource_index/packages
symbolically linking /home/tkleeneuron/cs133b-final-project/build/uav_controller_node/package.xml -> /home/tkleeneuron/cs133b-final-project/install/uav_controller_node/share/uav_controller_node
