[0.081s] DEBUG:colcon:Command line arguments: ['/usr/bin/colcon', 'build', '--packages-select', 'multi_slam']
[0.081s] DEBUG:colcon:Parsed command line arguments: Namespace(log_base=None, log_level=None, verb_name='build', build_base='build', install_base='install', merge_install=False, symlink_install=False, test_result_base=None, continue_on_error=False, executor='parallel', parallel_workers=8, event_handlers=None, ignore_user_meta=False, metas=['./colcon.meta'], base_paths=['.'], packages_ignore=None, packages_ignore_regex=None, paths=None, packages_up_to=None, packages_up_to_regex=None, packages_above=None, packages_above_and_dependencies=None, packages_above_depth=None, packages_select_by_dep=None, packages_skip_by_dep=None, packages_skip_up_to=None, packages_select_build_failed=False, packages_skip_build_finished=False, packages_select_test_failures=False, packages_skip_test_passed=False, packages_select=['multi_slam'], packages_skip=None, packages_select_regex=None, packages_skip_regex=None, packages_start=None, packages_end=None, allow_overriding=[], cmake_args=None, cmake_target=None, cmake_target_skip_unavailable=False, cmake_clean_cache=False, cmake_clean_first=False, cmake_force_configure=False, ament_cmake_args=None, catkin_cmake_args=None, catkin_skip_building_tests=False, mixin_files=None, mixin=None, verb_parser=<colcon_mixin.mixin.mixin_argument.MixinArgumentDecorator object at 0x71d352c303d0>, verb_extension=<colcon_core.verb.build.BuildVerb object at 0x71d352d99a20>, main=<bound method BuildVerb.main of <colcon_core.verb.build.BuildVerb object at 0x71d352d99a20>>, mixin_verb=('build',))
[0.194s] Level 1:colcon.colcon_core.package_discovery:discover_packages(colcon_meta) check parameters
[0.194s] Level 1:colcon.colcon_core.package_discovery:discover_packages(recursive) check parameters
[0.194s] Level 1:colcon.colcon_core.package_discovery:discover_packages(ignore) check parameters
[0.194s] Level 1:colcon.colcon_core.package_discovery:discover_packages(path) check parameters
[0.194s] Level 1:colcon.colcon_core.package_discovery:discover_packages(colcon_meta) discover
[0.194s] Level 1:colcon.colcon_core.package_discovery:discover_packages(recursive) discover
[0.194s] INFO:colcon.colcon_core.package_discovery:Crawling recursively for packages in '/home/tkleeneuron/cs133b-final-project'
[0.194s] Level 1:colcon.colcon_core.package_identification:_identify(.) by extensions ['ignore', 'ignore_ament_install']
[0.195s] Level 1:colcon.colcon_core.package_identification:_identify(.) by extension 'ignore'
[0.195s] Level 1:colcon.colcon_core.package_identification:_identify(.) by extension 'ignore_ament_install'
[0.195s] Level 1:colcon.colcon_core.package_identification:_identify(.) by extensions ['colcon_pkg']
[0.195s] Level 1:colcon.colcon_core.package_identification:_identify(.) by extension 'colcon_pkg'
[0.195s] Level 1:colcon.colcon_core.package_identification:_identify(.) by extensions ['colcon_meta']
[0.195s] Level 1:colcon.colcon_core.package_identification:_identify(.) by extension 'colcon_meta'
[0.195s] Level 1:colcon.colcon_core.package_identification:_identify(.) by extensions ['ros']
[0.195s] Level 1:colcon.colcon_core.package_identification:_identify(.) by extension 'ros'
[0.202s] Level 1:colcon.colcon_core.package_identification:_identify(.) by extensions ['cmake', 'python']
[0.202s] Level 1:colcon.colcon_core.package_identification:_identify(.) by extension 'cmake'
[0.202s] Level 1:colcon.colcon_core.package_identification:_identify(.) by extension 'python'
[0.202s] Level 1:colcon.colcon_core.package_identification:_identify(.) by extensions ['python_setup_py']
[0.202s] Level 1:colcon.colcon_core.package_identification:_identify(.) by extension 'python_setup_py'
[0.202s] Level 1:colcon.colcon_core.package_identification:_identify(build) by extensions ['ignore', 'ignore_ament_install']
[0.202s] Level 1:colcon.colcon_core.package_identification:_identify(build) by extension 'ignore'
[0.202s] Level 1:colcon.colcon_core.package_identification:_identify(build) ignored
[0.202s] Level 1:colcon.colcon_core.package_identification:_identify(install) by extensions ['ignore', 'ignore_ament_install']
[0.202s] Level 1:colcon.colcon_core.package_identification:_identify(install) by extension 'ignore'
[0.202s] Level 1:colcon.colcon_core.package_identification:_identify(install) ignored
[0.202s] Level 1:colcon.colcon_core.package_identification:_identify(log) by extensions ['ignore', 'ignore_ament_install']
[0.202s] Level 1:colcon.colcon_core.package_identification:_identify(log) by extension 'ignore'
[0.203s] Level 1:colcon.colcon_core.package_identification:_identify(log) ignored
[0.203s] Level 1:colcon.colcon_core.package_identification:_identify(multi_slam_ws) by extensions ['ignore', 'ignore_ament_install']
[0.203s] Level 1:colcon.colcon_core.package_identification:_identify(multi_slam_ws) by extension 'ignore'
[0.203s] Level 1:colcon.colcon_core.package_identification:_identify(multi_slam_ws) by extension 'ignore_ament_install'
[0.203s] Level 1:colcon.colcon_core.package_identification:_identify(multi_slam_ws) by extensions ['colcon_pkg']
[0.203s] Level 1:colcon.colcon_core.package_identification:_identify(multi_slam_ws) by extension 'colcon_pkg'
[0.203s] Level 1:colcon.colcon_core.package_identification:_identify(multi_slam_ws) by extensions ['colcon_meta']
[0.203s] Level 1:colcon.colcon_core.package_identification:_identify(multi_slam_ws) by extension 'colcon_meta'
[0.203s] Level 1:colcon.colcon_core.package_identification:_identify(multi_slam_ws) by extensions ['ros']
[0.203s] Level 1:colcon.colcon_core.package_identification:_identify(multi_slam_ws) by extension 'ros'
[0.203s] Level 1:colcon.colcon_core.package_identification:_identify(multi_slam_ws) by extensions ['cmake', 'python']
[0.203s] Level 1:colcon.colcon_core.package_identification:_identify(multi_slam_ws) by extension 'cmake'
[0.203s] Level 1:colcon.colcon_core.package_identification:_identify(multi_slam_ws) by extension 'python'
[0.203s] Level 1:colcon.colcon_core.package_identification:_identify(multi_slam_ws) by extensions ['python_setup_py']
[0.203s] Level 1:colcon.colcon_core.package_identification:_identify(multi_slam_ws) by extension 'python_setup_py'
[0.203s] Level 1:colcon.colcon_core.package_identification:_identify(multi_slam_ws/build) by extensions ['ignore', 'ignore_ament_install']
[0.203s] Level 1:colcon.colcon_core.package_identification:_identify(multi_slam_ws/build) by extension 'ignore'
[0.203s] Level 1:colcon.colcon_core.package_identification:_identify(multi_slam_ws/build) ignored
[0.203s] Level 1:colcon.colcon_core.package_identification:_identify(multi_slam_ws/install) by extensions ['ignore', 'ignore_ament_install']
[0.203s] Level 1:colcon.colcon_core.package_identification:_identify(multi_slam_ws/install) by extension 'ignore'
[0.203s] Level 1:colcon.colcon_core.package_identification:_identify(multi_slam_ws/install) ignored
[0.203s] Level 1:colcon.colcon_core.package_identification:_identify(multi_slam_ws/log) by extensions ['ignore', 'ignore_ament_install']
[0.203s] Level 1:colcon.colcon_core.package_identification:_identify(multi_slam_ws/log) by extension 'ignore'
[0.203s] Level 1:colcon.colcon_core.package_identification:_identify(multi_slam_ws/log) ignored
[0.203s] Level 1:colcon.colcon_core.package_identification:_identify(multi_slam_ws/src) by extensions ['ignore', 'ignore_ament_install']
[0.203s] Level 1:colcon.colcon_core.package_identification:_identify(multi_slam_ws/src) by extension 'ignore'
[0.203s] Level 1:colcon.colcon_core.package_identification:_identify(multi_slam_ws/src) by extension 'ignore_ament_install'
[0.203s] Level 1:colcon.colcon_core.package_identification:_identify(multi_slam_ws/src) by extensions ['colcon_pkg']
[0.203s] Level 1:colcon.colcon_core.package_identification:_identify(multi_slam_ws/src) by extension 'colcon_pkg'
[0.203s] Level 1:colcon.colcon_core.package_identification:_identify(multi_slam_ws/src) by extensions ['colcon_meta']
[0.203s] Level 1:colcon.colcon_core.package_identification:_identify(multi_slam_ws/src) by extension 'colcon_meta'
[0.203s] Level 1:colcon.colcon_core.package_identification:_identify(multi_slam_ws/src) by extensions ['ros']
[0.203s] Level 1:colcon.colcon_core.package_identification:_identify(multi_slam_ws/src) by extension 'ros'
[0.204s] Level 1:colcon.colcon_core.package_identification:_identify(multi_slam_ws/src) by extensions ['cmake', 'python']
[0.204s] Level 1:colcon.colcon_core.package_identification:_identify(multi_slam_ws/src) by extension 'cmake'
[0.204s] Level 1:colcon.colcon_core.package_identification:_identify(multi_slam_ws/src) by extension 'python'
[0.204s] Level 1:colcon.colcon_core.package_identification:_identify(multi_slam_ws/src) by extensions ['python_setup_py']
[0.204s] Level 1:colcon.colcon_core.package_identification:_identify(multi_slam_ws/src) by extension 'python_setup_py'
[0.204s] Level 1:colcon.colcon_core.package_identification:_identify(multi_slam_ws/src/multi_slam) by extensions ['ignore', 'ignore_ament_install']
[0.204s] Level 1:colcon.colcon_core.package_identification:_identify(multi_slam_ws/src/multi_slam) by extension 'ignore'
[0.204s] Level 1:colcon.colcon_core.package_identification:_identify(multi_slam_ws/src/multi_slam) by extension 'ignore_ament_install'
[0.204s] Level 1:colcon.colcon_core.package_identification:_identify(multi_slam_ws/src/multi_slam) by extensions ['colcon_pkg']
[0.204s] Level 1:colcon.colcon_core.package_identification:_identify(multi_slam_ws/src/multi_slam) by extension 'colcon_pkg'
[0.204s] Level 1:colcon.colcon_core.package_identification:_identify(multi_slam_ws/src/multi_slam) by extensions ['colcon_meta']
[0.204s] Level 1:colcon.colcon_core.package_identification:_identify(multi_slam_ws/src/multi_slam) by extension 'colcon_meta'
[0.204s] Level 1:colcon.colcon_core.package_identification:_identify(multi_slam_ws/src/multi_slam) by extensions ['ros']
[0.204s] Level 1:colcon.colcon_core.package_identification:_identify(multi_slam_ws/src/multi_slam) by extension 'ros'
[0.212s] DEBUG:colcon.colcon_core.package_identification:Package 'multi_slam_ws/src/multi_slam' with type 'ros.ament_python' and name 'multi_slam'
[0.213s] Level 1:colcon.colcon_core.package_identification:_identify(report) by extensions ['ignore', 'ignore_ament_install']
[0.213s] Level 1:colcon.colcon_core.package_identification:_identify(report) by extension 'ignore'
[0.213s] Level 1:colcon.colcon_core.package_identification:_identify(report) by extension 'ignore_ament_install'
[0.213s] Level 1:colcon.colcon_core.package_identification:_identify(report) by extensions ['colcon_pkg']
[0.213s] Level 1:colcon.colcon_core.package_identification:_identify(report) by extension 'colcon_pkg'
[0.213s] Level 1:colcon.colcon_core.package_identification:_identify(report) by extensions ['colcon_meta']
[0.213s] Level 1:colcon.colcon_core.package_identification:_identify(report) by extension 'colcon_meta'
[0.213s] Level 1:colcon.colcon_core.package_identification:_identify(report) by extensions ['ros']
[0.213s] Level 1:colcon.colcon_core.package_identification:_identify(report) by extension 'ros'
[0.213s] Level 1:colcon.colcon_core.package_identification:_identify(report) by extensions ['cmake', 'python']
[0.213s] Level 1:colcon.colcon_core.package_identification:_identify(report) by extension 'cmake'
[0.213s] Level 1:colcon.colcon_core.package_identification:_identify(report) by extension 'python'
[0.213s] Level 1:colcon.colcon_core.package_identification:_identify(report) by extensions ['python_setup_py']
[0.213s] Level 1:colcon.colcon_core.package_identification:_identify(report) by extension 'python_setup_py'
[0.213s] Level 1:colcon.colcon_core.package_discovery:discover_packages(recursive) using defaults
[0.213s] Level 1:colcon.colcon_core.package_discovery:discover_packages(ignore) discover
[0.213s] Level 1:colcon.colcon_core.package_discovery:discover_packages(ignore) using defaults
[0.213s] Level 1:colcon.colcon_core.package_discovery:discover_packages(path) discover
[0.213s] Level 1:colcon.colcon_core.package_discovery:discover_packages(path) using defaults
[0.226s] Level 1:colcon.colcon_core.package_discovery:discover_packages(prefix_path) check parameters
[0.226s] Level 1:colcon.colcon_core.package_discovery:discover_packages(prefix_path) discover
[0.228s] DEBUG:colcon.colcon_installed_package_information.package_discovery:Found 1 installed packages in /home/tkleeneuron/cs133b-final-project/multi_slam_ws/install
[0.228s] DEBUG:colcon.colcon_installed_package_information.package_discovery:Found 2 installed packages in /home/tkleeneuron/cs133b-final-project/install
[0.229s] DEBUG:colcon.colcon_installed_package_information.package_discovery:Found 39 installed packages in /home/tkleeneuron/robo_ws/install
[0.230s] DEBUG:colcon.colcon_installed_package_information.package_discovery:Found 387 installed packages in /opt/ros/humble
[0.231s] Level 1:colcon.colcon_core.package_discovery:discover_packages(prefix_path) using defaults
[0.258s] Level 5:colcon.colcon_core.verb:set package 'multi_slam' build argument 'cmake_args' from command line to 'None'
[0.258s] Level 5:colcon.colcon_core.verb:set package 'multi_slam' build argument 'cmake_target' from command line to 'None'
[0.258s] Level 5:colcon.colcon_core.verb:set package 'multi_slam' build argument 'cmake_target_skip_unavailable' from command line to 'False'
[0.258s] Level 5:colcon.colcon_core.verb:set package 'multi_slam' build argument 'cmake_clean_cache' from command line to 'False'
[0.258s] Level 5:colcon.colcon_core.verb:set package 'multi_slam' build argument 'cmake_clean_first' from command line to 'False'
[0.258s] Level 5:colcon.colcon_core.verb:set package 'multi_slam' build argument 'cmake_force_configure' from command line to 'False'
[0.258s] Level 5:colcon.colcon_core.verb:set package 'multi_slam' build argument 'ament_cmake_args' from command line to 'None'
[0.258s] Level 5:colcon.colcon_core.verb:set package 'multi_slam' build argument 'catkin_cmake_args' from command line to 'None'
[0.258s] Level 5:colcon.colcon_core.verb:set package 'multi_slam' build argument 'catkin_skip_building_tests' from command line to 'False'
[0.258s] DEBUG:colcon.colcon_core.verb:Building package 'multi_slam' with the following arguments: {'ament_cmake_args': None, 'build_base': '/home/tkleeneuron/cs133b-final-project/build/multi_slam', 'catkin_cmake_args': None, 'catkin_skip_building_tests': False, 'cmake_args': None, 'cmake_clean_cache': False, 'cmake_clean_first': False, 'cmake_force_configure': False, 'cmake_target': None, 'cmake_target_skip_unavailable': False, 'install_base': '/home/tkleeneuron/cs133b-final-project/install/multi_slam', 'merge_install': False, 'path': '/home/tkleeneuron/cs133b-final-project/multi_slam_ws/src/multi_slam', 'symlink_install': False, 'test_result_base': None}
[0.258s] INFO:colcon.colcon_core.executor:Executing jobs using 'parallel' executor
[0.259s] DEBUG:colcon.colcon_parallel_executor.executor.parallel:run_until_complete
[0.259s] INFO:colcon.colcon_ros.task.ament_python.build:Building ROS package in '/home/tkleeneuron/cs133b-final-project/multi_slam_ws/src/multi_slam' with build type 'ament_python'
[0.259s] Level 1:colcon.colcon_core.shell:create_environment_hook('multi_slam', 'ament_prefix_path')
[0.260s] INFO:colcon.colcon_core.plugin_system:Skipping extension 'colcon_core.shell.bat': Not used on non-Windows systems
[0.260s] INFO:colcon.colcon_core.shell:Creating environment hook '/home/tkleeneuron/cs133b-final-project/install/multi_slam/share/multi_slam/hook/ament_prefix_path.ps1'
[0.261s] INFO:colcon.colcon_core.shell:Creating environment descriptor '/home/tkleeneuron/cs133b-final-project/install/multi_slam/share/multi_slam/hook/ament_prefix_path.dsv'
[0.261s] INFO:colcon.colcon_core.shell:Creating environment hook '/home/tkleeneuron/cs133b-final-project/install/multi_slam/share/multi_slam/hook/ament_prefix_path.sh'
[0.261s] INFO:colcon.colcon_core.shell:Skip shell extension 'powershell' for command environment: Not usable outside of PowerShell
[0.262s] DEBUG:colcon.colcon_core.shell:Skip shell extension 'dsv' for command environment
[0.451s] WARNING:colcon.colcon_ros.task.ament_python.build:Package 'multi_slam' doesn't explicitly install a marker in the package index (colcon-ros currently does it implicitly but that fallback will be removed in the future)
[0.451s] INFO:colcon.colcon_core.task.python.build:Building Python package in '/home/tkleeneuron/cs133b-final-project/multi_slam_ws/src/multi_slam'
[0.452s] INFO:colcon.colcon_core.shell:Skip shell extension 'powershell' for command environment: Not usable outside of PowerShell
[0.452s] DEBUG:colcon.colcon_core.shell:Skip shell extension 'dsv' for command environment
[0.728s] DEBUG:colcon.colcon_core.event_handler.log_command:Invoking command in '/home/tkleeneuron/cs133b-final-project/multi_slam_ws/src/multi_slam': PYTHONPATH=/home/tkleeneuron/cs133b-final-project/build/multi_slam/prefix_override:/usr/lib/python3/dist-packages/colcon_core/task/python/colcon_distutils_commands:/home/tkleeneuron/cs133b-final-project/install/multi_slam/lib/python3.10/site-packages:${PYTHONPATH} /usr/bin/python3 -W ignore:setup.py install is deprecated -W ignore:easy_install command is deprecated setup.py egg_info --egg-base ../../../build/multi_slam build --build-base /home/tkleeneuron/cs133b-final-project/build/multi_slam/build install --record /home/tkleeneuron/cs133b-final-project/build/multi_slam/install.log --single-version-externally-managed install_data
[0.957s] DEBUG:colcon.colcon_core.event_handler.log_command:Invoked command in '/home/tkleeneuron/cs133b-final-project/multi_slam_ws/src/multi_slam' returned '0': PYTHONPATH=/home/tkleeneuron/cs133b-final-project/build/multi_slam/prefix_override:/usr/lib/python3/dist-packages/colcon_core/task/python/colcon_distutils_commands:/home/tkleeneuron/cs133b-final-project/install/multi_slam/lib/python3.10/site-packages:${PYTHONPATH} /usr/bin/python3 -W ignore:setup.py install is deprecated -W ignore:easy_install command is deprecated setup.py egg_info --egg-base ../../../build/multi_slam build --build-base /home/tkleeneuron/cs133b-final-project/build/multi_slam/build install --record /home/tkleeneuron/cs133b-final-project/build/multi_slam/install.log --single-version-externally-managed install_data
[0.958s] Level 1:colcon.colcon_core.environment:checking '/home/tkleeneuron/cs133b-final-project/install/multi_slam' for CMake module files
[0.959s] Level 1:colcon.colcon_core.environment:checking '/home/tkleeneuron/cs133b-final-project/install/multi_slam' for CMake config files
[0.959s] Level 1:colcon.colcon_core.environment:checking '/home/tkleeneuron/cs133b-final-project/install/multi_slam/lib'
[0.959s] Level 1:colcon.colcon_core.environment:checking '/home/tkleeneuron/cs133b-final-project/install/multi_slam/bin'
[0.959s] Level 1:colcon.colcon_core.environment:checking '/home/tkleeneuron/cs133b-final-project/install/multi_slam/lib/pkgconfig/multi_slam.pc'
[0.959s] Level 1:colcon.colcon_core.environment:checking '/home/tkleeneuron/cs133b-final-project/install/multi_slam/lib/python3.10/site-packages'
[0.959s] Level 1:colcon.colcon_core.shell:create_environment_hook('multi_slam', 'pythonpath')
[0.960s] INFO:colcon.colcon_core.shell:Creating environment hook '/home/tkleeneuron/cs133b-final-project/install/multi_slam/share/multi_slam/hook/pythonpath.ps1'
[0.960s] INFO:colcon.colcon_core.shell:Creating environment descriptor '/home/tkleeneuron/cs133b-final-project/install/multi_slam/share/multi_slam/hook/pythonpath.dsv'
[0.960s] INFO:colcon.colcon_core.shell:Creating environment hook '/home/tkleeneuron/cs133b-final-project/install/multi_slam/share/multi_slam/hook/pythonpath.sh'
[0.961s] Level 1:colcon.colcon_core.environment:checking '/home/tkleeneuron/cs133b-final-project/install/multi_slam/bin'
[0.961s] Level 1:colcon.colcon_core.environment:create_environment_scripts_only(multi_slam)
[0.961s] INFO:colcon.colcon_core.shell:Creating package script '/home/tkleeneuron/cs133b-final-project/install/multi_slam/share/multi_slam/package.ps1'
[0.961s] INFO:colcon.colcon_core.shell:Creating package descriptor '/home/tkleeneuron/cs133b-final-project/install/multi_slam/share/multi_slam/package.dsv'
[0.962s] INFO:colcon.colcon_core.shell:Creating package script '/home/tkleeneuron/cs133b-final-project/install/multi_slam/share/multi_slam/package.sh'
[0.962s] INFO:colcon.colcon_core.shell:Creating package script '/home/tkleeneuron/cs133b-final-project/install/multi_slam/share/multi_slam/package.bash'
[0.963s] INFO:colcon.colcon_core.shell:Creating package script '/home/tkleeneuron/cs133b-final-project/install/multi_slam/share/multi_slam/package.zsh'
[0.963s] Level 1:colcon.colcon_core.environment:create_file_with_runtime_dependencies(/home/tkleeneuron/cs133b-final-project/install/multi_slam/share/colcon-core/packages/multi_slam)
[0.963s] DEBUG:colcon.colcon_parallel_executor.executor.parallel:closing loop
[0.963s] DEBUG:colcon.colcon_parallel_executor.executor.parallel:loop closed
[0.963s] DEBUG:colcon.colcon_parallel_executor.executor.parallel:run_until_complete finished with '0'
[0.963s] DEBUG:colcon.colcon_core.event_reactor:joining thread
[0.967s] INFO:colcon.colcon_core.plugin_system:Skipping extension 'colcon_notification.desktop_notification.terminal_notifier': Not used on non-Darwin systems
[0.967s] INFO:colcon.colcon_core.plugin_system:Skipping extension 'colcon_notification.desktop_notification.win32': Not used on non-Windows systems
[0.968s] INFO:colcon.colcon_notification.desktop_notification:Sending desktop notification using 'notify2'
[0.979s] DEBUG:colcon.colcon_core.event_reactor:joined thread
[0.979s] INFO:colcon.colcon_core.shell:Creating prefix script '/home/tkleeneuron/cs133b-final-project/install/local_setup.ps1'
[0.980s] INFO:colcon.colcon_core.shell:Creating prefix util module '/home/tkleeneuron/cs133b-final-project/install/_local_setup_util_ps1.py'
[0.981s] INFO:colcon.colcon_core.shell:Creating prefix chain script '/home/tkleeneuron/cs133b-final-project/install/setup.ps1'
[0.983s] INFO:colcon.colcon_core.shell:Creating prefix script '/home/tkleeneuron/cs133b-final-project/install/local_setup.sh'
[0.983s] INFO:colcon.colcon_core.shell:Creating prefix util module '/home/tkleeneuron/cs133b-final-project/install/_local_setup_util_sh.py'
[0.984s] INFO:colcon.colcon_core.shell:Creating prefix chain script '/home/tkleeneuron/cs133b-final-project/install/setup.sh'
[0.986s] INFO:colcon.colcon_core.shell:Creating prefix script '/home/tkleeneuron/cs133b-final-project/install/local_setup.bash'
[0.986s] INFO:colcon.colcon_core.shell:Creating prefix chain script '/home/tkleeneuron/cs133b-final-project/install/setup.bash'
[0.988s] INFO:colcon.colcon_core.shell:Creating prefix script '/home/tkleeneuron/cs133b-final-project/install/local_setup.zsh'
[0.989s] INFO:colcon.colcon_core.shell:Creating prefix chain script '/home/tkleeneuron/cs133b-final-project/install/setup.zsh'
