[0.164s] DEBUG:colcon:Command line arguments: ['/usr/bin/colcon', 'build', '--symlink-install']
[0.164s] DEBUG:colcon:Parsed command line arguments: Namespace(log_base=None, log_level=None, verb_name='build', build_base='build', install_base='install', merge_install=False, symlink_install=True, test_result_base=None, continue_on_error=False, executor='parallel', parallel_workers=8, event_handlers=None, ignore_user_meta=False, metas=['./colcon.meta'], base_paths=['.'], packages_ignore=None, packages_ignore_regex=None, paths=None, packages_up_to=None, packages_up_to_regex=None, packages_above=None, packages_above_and_dependencies=None, packages_above_depth=None, packages_select_by_dep=None, packages_skip_by_dep=None, packages_skip_up_to=None, packages_select_build_failed=False, packages_skip_build_finished=False, packages_select_test_failures=False, packages_skip_test_passed=False, packages_select=None, packages_skip=None, packages_select_regex=None, packages_skip_regex=None, packages_start=None, packages_end=None, allow_overriding=[], cmake_args=None, cmake_target=None, cmake_target_skip_unavailable=False, cmake_clean_cache=False, cmake_clean_first=False, cmake_force_configure=False, ament_cmake_args=None, catkin_cmake_args=None, catkin_skip_building_tests=False, mixin_files=None, mixin=None, verb_parser=<colcon_mixin.mixin.mixin_argument.MixinArgumentDecorator object at 0x76ba24753880>, verb_extension=<colcon_core.verb.build.BuildVerb object at 0x76ba248946a0>, main=<bound method BuildVerb.main of <colcon_core.verb.build.BuildVerb object at 0x76ba248946a0>>, mixin_verb=('build',))
[0.328s] Level 1:colcon.colcon_core.package_discovery:discover_packages(colcon_meta) check parameters
[0.328s] Level 1:colcon.colcon_core.package_discovery:discover_packages(recursive) check parameters
[0.328s] Level 1:colcon.colcon_core.package_discovery:discover_packages(ignore) check parameters
[0.328s] Level 1:colcon.colcon_core.package_discovery:discover_packages(path) check parameters
[0.328s] Level 1:colcon.colcon_core.package_discovery:discover_packages(colcon_meta) discover
[0.328s] Level 1:colcon.colcon_core.package_discovery:discover_packages(recursive) discover
[0.328s] INFO:colcon.colcon_core.package_discovery:Crawling recursively for packages in '/home/tkleeneuron/cs133b-final-project'
[0.328s] Level 1:colcon.colcon_core.package_identification:_identify(.) by extensions ['ignore', 'ignore_ament_install']
[0.328s] Level 1:colcon.colcon_core.package_identification:_identify(.) by extension 'ignore'
[0.329s] Level 1:colcon.colcon_core.package_identification:_identify(.) by extension 'ignore_ament_install'
[0.329s] Level 1:colcon.colcon_core.package_identification:_identify(.) by extensions ['colcon_pkg']
[0.329s] Level 1:colcon.colcon_core.package_identification:_identify(.) by extension 'colcon_pkg'
[0.329s] Level 1:colcon.colcon_core.package_identification:_identify(.) by extensions ['colcon_meta']
[0.329s] Level 1:colcon.colcon_core.package_identification:_identify(.) by extension 'colcon_meta'
[0.329s] Level 1:colcon.colcon_core.package_identification:_identify(.) by extensions ['ros']
[0.329s] Level 1:colcon.colcon_core.package_identification:_identify(.) by extension 'ros'
[0.337s] Level 1:colcon.colcon_core.package_identification:_identify(.) by extensions ['cmake', 'python']
[0.337s] Level 1:colcon.colcon_core.package_identification:_identify(.) by extension 'cmake'
[0.337s] Level 1:colcon.colcon_core.package_identification:_identify(.) by extension 'python'
[0.337s] Level 1:colcon.colcon_core.package_identification:_identify(.) by extensions ['python_setup_py']
[0.337s] Level 1:colcon.colcon_core.package_identification:_identify(.) by extension 'python_setup_py'
[0.337s] Level 1:colcon.colcon_core.package_identification:_identify(build) by extensions ['ignore', 'ignore_ament_install']
[0.337s] Level 1:colcon.colcon_core.package_identification:_identify(build) by extension 'ignore'
[0.337s] Level 1:colcon.colcon_core.package_identification:_identify(build) ignored
[0.337s] Level 1:colcon.colcon_core.package_identification:_identify(daddy_niemeyer_ws) by extensions ['ignore', 'ignore_ament_install']
[0.337s] Level 1:colcon.colcon_core.package_identification:_identify(daddy_niemeyer_ws) by extension 'ignore'
[0.337s] Level 1:colcon.colcon_core.package_identification:_identify(daddy_niemeyer_ws) by extension 'ignore_ament_install'
[0.337s] Level 1:colcon.colcon_core.package_identification:_identify(daddy_niemeyer_ws) by extensions ['colcon_pkg']
[0.337s] Level 1:colcon.colcon_core.package_identification:_identify(daddy_niemeyer_ws) by extension 'colcon_pkg'
[0.337s] Level 1:colcon.colcon_core.package_identification:_identify(daddy_niemeyer_ws) by extensions ['colcon_meta']
[0.337s] Level 1:colcon.colcon_core.package_identification:_identify(daddy_niemeyer_ws) by extension 'colcon_meta'
[0.337s] Level 1:colcon.colcon_core.package_identification:_identify(daddy_niemeyer_ws) by extensions ['ros']
[0.337s] Level 1:colcon.colcon_core.package_identification:_identify(daddy_niemeyer_ws) by extension 'ros'
[0.337s] Level 1:colcon.colcon_core.package_identification:_identify(daddy_niemeyer_ws) by extensions ['cmake', 'python']
[0.337s] Level 1:colcon.colcon_core.package_identification:_identify(daddy_niemeyer_ws) by extension 'cmake'
[0.337s] Level 1:colcon.colcon_core.package_identification:_identify(daddy_niemeyer_ws) by extension 'python'
[0.337s] Level 1:colcon.colcon_core.package_identification:_identify(daddy_niemeyer_ws) by extensions ['python_setup_py']
[0.337s] Level 1:colcon.colcon_core.package_identification:_identify(daddy_niemeyer_ws) by extension 'python_setup_py'
[0.338s] Level 1:colcon.colcon_core.package_identification:_identify(daddy_niemeyer_ws/src) by extensions ['ignore', 'ignore_ament_install']
[0.338s] Level 1:colcon.colcon_core.package_identification:_identify(daddy_niemeyer_ws/src) by extension 'ignore'
[0.338s] Level 1:colcon.colcon_core.package_identification:_identify(daddy_niemeyer_ws/src) by extension 'ignore_ament_install'
[0.338s] Level 1:colcon.colcon_core.package_identification:_identify(daddy_niemeyer_ws/src) by extensions ['colcon_pkg']
[0.338s] Level 1:colcon.colcon_core.package_identification:_identify(daddy_niemeyer_ws/src) by extension 'colcon_pkg'
[0.338s] Level 1:colcon.colcon_core.package_identification:_identify(daddy_niemeyer_ws/src) by extensions ['colcon_meta']
[0.338s] Level 1:colcon.colcon_core.package_identification:_identify(daddy_niemeyer_ws/src) by extension 'colcon_meta'
[0.338s] Level 1:colcon.colcon_core.package_identification:_identify(daddy_niemeyer_ws/src) by extensions ['ros']
[0.338s] Level 1:colcon.colcon_core.package_identification:_identify(daddy_niemeyer_ws/src) by extension 'ros'
[0.338s] Level 1:colcon.colcon_core.package_identification:_identify(daddy_niemeyer_ws/src) by extensions ['cmake', 'python']
[0.338s] Level 1:colcon.colcon_core.package_identification:_identify(daddy_niemeyer_ws/src) by extension 'cmake'
[0.338s] Level 1:colcon.colcon_core.package_identification:_identify(daddy_niemeyer_ws/src) by extension 'python'
[0.338s] Level 1:colcon.colcon_core.package_identification:_identify(daddy_niemeyer_ws/src) by extensions ['python_setup_py']
[0.338s] Level 1:colcon.colcon_core.package_identification:_identify(daddy_niemeyer_ws/src) by extension 'python_setup_py'
[0.338s] Level 1:colcon.colcon_core.package_identification:_identify(daddy_niemeyer_ws/src/uav_controller_node) by extensions ['ignore', 'ignore_ament_install']
[0.338s] Level 1:colcon.colcon_core.package_identification:_identify(daddy_niemeyer_ws/src/uav_controller_node) by extension 'ignore'
[0.338s] Level 1:colcon.colcon_core.package_identification:_identify(daddy_niemeyer_ws/src/uav_controller_node) by extension 'ignore_ament_install'
[0.338s] Level 1:colcon.colcon_core.package_identification:_identify(daddy_niemeyer_ws/src/uav_controller_node) by extensions ['colcon_pkg']
[0.338s] Level 1:colcon.colcon_core.package_identification:_identify(daddy_niemeyer_ws/src/uav_controller_node) by extension 'colcon_pkg'
[0.338s] Level 1:colcon.colcon_core.package_identification:_identify(daddy_niemeyer_ws/src/uav_controller_node) by extensions ['colcon_meta']
[0.338s] Level 1:colcon.colcon_core.package_identification:_identify(daddy_niemeyer_ws/src/uav_controller_node) by extension 'colcon_meta'
[0.338s] Level 1:colcon.colcon_core.package_identification:_identify(daddy_niemeyer_ws/src/uav_controller_node) by extensions ['ros']
[0.338s] Level 1:colcon.colcon_core.package_identification:_identify(daddy_niemeyer_ws/src/uav_controller_node) by extension 'ros'
[0.340s] DEBUG:colcon.colcon_core.package_identification:Package 'daddy_niemeyer_ws/src/uav_controller_node' with type 'ros.ament_python' and name 'uav_controller_node'
[0.340s] Level 1:colcon.colcon_core.package_identification:_identify(install) by extensions ['ignore', 'ignore_ament_install']
[0.340s] Level 1:colcon.colcon_core.package_identification:_identify(install) by extension 'ignore'
[0.340s] Level 1:colcon.colcon_core.package_identification:_identify(install) ignored
[0.340s] Level 1:colcon.colcon_core.package_identification:_identify(log) by extensions ['ignore', 'ignore_ament_install']
[0.340s] Level 1:colcon.colcon_core.package_identification:_identify(log) by extension 'ignore'
[0.340s] Level 1:colcon.colcon_core.package_identification:_identify(log) ignored
[0.340s] Level 1:colcon.colcon_core.package_identification:_identify(report) by extensions ['ignore', 'ignore_ament_install']
[0.340s] Level 1:colcon.colcon_core.package_identification:_identify(report) by extension 'ignore'
[0.340s] Level 1:colcon.colcon_core.package_identification:_identify(report) by extension 'ignore_ament_install'
[0.340s] Level 1:colcon.colcon_core.package_identification:_identify(report) by extensions ['colcon_pkg']
[0.340s] Level 1:colcon.colcon_core.package_identification:_identify(report) by extension 'colcon_pkg'
[0.340s] Level 1:colcon.colcon_core.package_identification:_identify(report) by extensions ['colcon_meta']
[0.340s] Level 1:colcon.colcon_core.package_identification:_identify(report) by extension 'colcon_meta'
[0.340s] Level 1:colcon.colcon_core.package_identification:_identify(report) by extensions ['ros']
[0.340s] Level 1:colcon.colcon_core.package_identification:_identify(report) by extension 'ros'
[0.340s] Level 1:colcon.colcon_core.package_identification:_identify(report) by extensions ['cmake', 'python']
[0.340s] Level 1:colcon.colcon_core.package_identification:_identify(report) by extension 'cmake'
[0.340s] Level 1:colcon.colcon_core.package_identification:_identify(report) by extension 'python'
[0.340s] Level 1:colcon.colcon_core.package_identification:_identify(report) by extensions ['python_setup_py']
[0.340s] Level 1:colcon.colcon_core.package_identification:_identify(report) by extension 'python_setup_py'
[0.340s] Level 1:colcon.colcon_core.package_discovery:discover_packages(recursive) using defaults
[0.341s] Level 1:colcon.colcon_core.package_discovery:discover_packages(ignore) discover
[0.341s] Level 1:colcon.colcon_core.package_discovery:discover_packages(ignore) using defaults
[0.341s] Level 1:colcon.colcon_core.package_discovery:discover_packages(path) discover
[0.341s] Level 1:colcon.colcon_core.package_discovery:discover_packages(path) using defaults
[0.366s] Level 1:colcon.colcon_core.package_discovery:discover_packages(prefix_path) check parameters
[0.366s] Level 1:colcon.colcon_core.package_discovery:discover_packages(prefix_path) discover
[0.370s] DEBUG:colcon.colcon_installed_package_information.package_discovery:Found 39 installed packages in /home/tkleeneuron/robo_ws/install
[0.371s] DEBUG:colcon.colcon_installed_package_information.package_discovery:Found 381 installed packages in /opt/ros/humble
[0.372s] Level 1:colcon.colcon_core.package_discovery:discover_packages(prefix_path) using defaults
[0.433s] Level 5:colcon.colcon_core.verb:set package 'uav_controller_node' build argument 'cmake_args' from command line to 'None'
[0.434s] Level 5:colcon.colcon_core.verb:set package 'uav_controller_node' build argument 'cmake_target' from command line to 'None'
[0.434s] Level 5:colcon.colcon_core.verb:set package 'uav_controller_node' build argument 'cmake_target_skip_unavailable' from command line to 'False'
[0.434s] Level 5:colcon.colcon_core.verb:set package 'uav_controller_node' build argument 'cmake_clean_cache' from command line to 'False'
[0.434s] Level 5:colcon.colcon_core.verb:set package 'uav_controller_node' build argument 'cmake_clean_first' from command line to 'False'
[0.434s] Level 5:colcon.colcon_core.verb:set package 'uav_controller_node' build argument 'cmake_force_configure' from command line to 'False'
[0.434s] Level 5:colcon.colcon_core.verb:set package 'uav_controller_node' build argument 'ament_cmake_args' from command line to 'None'
[0.434s] Level 5:colcon.colcon_core.verb:set package 'uav_controller_node' build argument 'catkin_cmake_args' from command line to 'None'
[0.434s] Level 5:colcon.colcon_core.verb:set package 'uav_controller_node' build argument 'catkin_skip_building_tests' from command line to 'False'
[0.434s] DEBUG:colcon.colcon_core.verb:Building package 'uav_controller_node' with the following arguments: {'ament_cmake_args': None, 'build_base': '/home/tkleeneuron/cs133b-final-project/build/uav_controller_node', 'catkin_cmake_args': None, 'catkin_skip_building_tests': False, 'cmake_args': None, 'cmake_clean_cache': False, 'cmake_clean_first': False, 'cmake_force_configure': False, 'cmake_target': None, 'cmake_target_skip_unavailable': False, 'install_base': '/home/tkleeneuron/cs133b-final-project/install/uav_controller_node', 'merge_install': False, 'path': '/home/tkleeneuron/cs133b-final-project/daddy_niemeyer_ws/src/uav_controller_node', 'symlink_install': True, 'test_result_base': None}
[0.434s] INFO:colcon.colcon_core.executor:Executing jobs using 'parallel' executor
[0.434s] DEBUG:colcon.colcon_parallel_executor.executor.parallel:run_until_complete
[0.435s] INFO:colcon.colcon_ros.task.ament_python.build:Building ROS package in '/home/tkleeneuron/cs133b-final-project/daddy_niemeyer_ws/src/uav_controller_node' with build type 'ament_python'
[0.435s] Level 1:colcon.colcon_core.shell:create_environment_hook('uav_controller_node', 'ament_prefix_path')
[0.438s] INFO:colcon.colcon_core.plugin_system:Skipping extension 'colcon_core.shell.bat': Not used on non-Windows systems
[0.438s] INFO:colcon.colcon_core.shell:Creating environment hook '/home/tkleeneuron/cs133b-final-project/install/uav_controller_node/share/uav_controller_node/hook/ament_prefix_path.ps1'
[0.439s] INFO:colcon.colcon_core.shell:Creating environment descriptor '/home/tkleeneuron/cs133b-final-project/install/uav_controller_node/share/uav_controller_node/hook/ament_prefix_path.dsv'
[0.439s] INFO:colcon.colcon_core.shell:Creating environment hook '/home/tkleeneuron/cs133b-final-project/install/uav_controller_node/share/uav_controller_node/hook/ament_prefix_path.sh'
[0.440s] INFO:colcon.colcon_core.shell:Skip shell extension 'powershell' for command environment: Not usable outside of PowerShell
[0.440s] DEBUG:colcon.colcon_core.shell:Skip shell extension 'dsv' for command environment
[0.625s] INFO:colcon.colcon_core.task.python.build:Building Python package in '/home/tkleeneuron/cs133b-final-project/daddy_niemeyer_ws/src/uav_controller_node'
[0.626s] INFO:colcon.colcon_core.shell:Skip shell extension 'powershell' for command environment: Not usable outside of PowerShell
[0.626s] DEBUG:colcon.colcon_core.shell:Skip shell extension 'dsv' for command environment
[0.933s] DEBUG:colcon.colcon_core.event_handler.log_command:Invoking command in '/home/tkleeneuron/cs133b-final-project/build/uav_controller_node': PYTHONPATH=/home/tkleeneuron/cs133b-final-project/build/uav_controller_node/prefix_override:/usr/lib/python3/dist-packages/colcon_core/task/python/colcon_distutils_commands:/home/tkleeneuron/cs133b-final-project/install/uav_controller_node/lib/python3.10/site-packages:${PYTHONPATH} /usr/bin/python3 -W ignore:setup.py install is deprecated setup.py develop --editable --build-directory /home/tkleeneuron/cs133b-final-project/build/uav_controller_node/build --no-deps symlink_data
[1.236s] Level 1:colcon.colcon_core.shell:create_environment_hook('uav_controller_node', 'pythonpath_develop')
[1.237s] INFO:colcon.colcon_core.shell:Creating environment hook '/home/tkleeneuron/cs133b-final-project/build/uav_controller_node/share/uav_controller_node/hook/pythonpath_develop.ps1'
[1.237s] DEBUG:colcon.colcon_core.event_handler.log_command:Invoked command in '/home/tkleeneuron/cs133b-final-project/build/uav_controller_node' returned '0': PYTHONPATH=/home/tkleeneuron/cs133b-final-project/build/uav_controller_node/prefix_override:/usr/lib/python3/dist-packages/colcon_core/task/python/colcon_distutils_commands:/home/tkleeneuron/cs133b-final-project/install/uav_controller_node/lib/python3.10/site-packages:${PYTHONPATH} /usr/bin/python3 -W ignore:setup.py install is deprecated setup.py develop --editable --build-directory /home/tkleeneuron/cs133b-final-project/build/uav_controller_node/build --no-deps symlink_data
[1.237s] INFO:colcon.colcon_core.shell:Creating environment descriptor '/home/tkleeneuron/cs133b-final-project/build/uav_controller_node/share/uav_controller_node/hook/pythonpath_develop.dsv'
[1.238s] INFO:colcon.colcon_core.shell:Creating environment hook '/home/tkleeneuron/cs133b-final-project/build/uav_controller_node/share/uav_controller_node/hook/pythonpath_develop.sh'
[1.242s] Level 1:colcon.colcon_core.environment:checking '/home/tkleeneuron/cs133b-final-project/install/uav_controller_node' for CMake module files
[1.242s] Level 1:colcon.colcon_core.environment:checking '/home/tkleeneuron/cs133b-final-project/install/uav_controller_node' for CMake config files
[1.242s] Level 1:colcon.colcon_core.environment:checking '/home/tkleeneuron/cs133b-final-project/install/uav_controller_node/lib'
[1.242s] Level 1:colcon.colcon_core.environment:checking '/home/tkleeneuron/cs133b-final-project/install/uav_controller_node/bin'
[1.242s] Level 1:colcon.colcon_core.environment:checking '/home/tkleeneuron/cs133b-final-project/install/uav_controller_node/lib/pkgconfig/uav_controller_node.pc'
[1.243s] Level 1:colcon.colcon_core.environment:checking '/home/tkleeneuron/cs133b-final-project/install/uav_controller_node/lib/python3.10/site-packages'
[1.243s] Level 1:colcon.colcon_core.shell:create_environment_hook('uav_controller_node', 'pythonpath')
[1.243s] INFO:colcon.colcon_core.shell:Creating environment hook '/home/tkleeneuron/cs133b-final-project/install/uav_controller_node/share/uav_controller_node/hook/pythonpath.ps1'
[1.243s] INFO:colcon.colcon_core.shell:Creating environment descriptor '/home/tkleeneuron/cs133b-final-project/install/uav_controller_node/share/uav_controller_node/hook/pythonpath.dsv'
[1.243s] INFO:colcon.colcon_core.shell:Creating environment hook '/home/tkleeneuron/cs133b-final-project/install/uav_controller_node/share/uav_controller_node/hook/pythonpath.sh'
[1.243s] Level 1:colcon.colcon_core.environment:checking '/home/tkleeneuron/cs133b-final-project/install/uav_controller_node/bin'
[1.243s] Level 1:colcon.colcon_core.environment:create_environment_scripts_only(uav_controller_node)
[1.244s] INFO:colcon.colcon_core.shell:Creating package script '/home/tkleeneuron/cs133b-final-project/install/uav_controller_node/share/uav_controller_node/package.ps1'
[1.244s] INFO:colcon.colcon_core.shell:Creating package descriptor '/home/tkleeneuron/cs133b-final-project/install/uav_controller_node/share/uav_controller_node/package.dsv'
[1.245s] INFO:colcon.colcon_core.shell:Creating package script '/home/tkleeneuron/cs133b-final-project/install/uav_controller_node/share/uav_controller_node/package.sh'
[1.245s] INFO:colcon.colcon_core.shell:Creating package script '/home/tkleeneuron/cs133b-final-project/install/uav_controller_node/share/uav_controller_node/package.bash'
[1.246s] INFO:colcon.colcon_core.shell:Creating package script '/home/tkleeneuron/cs133b-final-project/install/uav_controller_node/share/uav_controller_node/package.zsh'
[1.246s] Level 1:colcon.colcon_core.environment:create_file_with_runtime_dependencies(/home/tkleeneuron/cs133b-final-project/install/uav_controller_node/share/colcon-core/packages/uav_controller_node)
[1.247s] DEBUG:colcon.colcon_parallel_executor.executor.parallel:closing loop
[1.247s] DEBUG:colcon.colcon_parallel_executor.executor.parallel:loop closed
[1.247s] DEBUG:colcon.colcon_parallel_executor.executor.parallel:run_until_complete finished with '0'
[1.247s] DEBUG:colcon.colcon_core.event_reactor:joining thread
[1.251s] INFO:colcon.colcon_core.plugin_system:Skipping extension 'colcon_notification.desktop_notification.terminal_notifier': Not used on non-Darwin systems
[1.251s] INFO:colcon.colcon_core.plugin_system:Skipping extension 'colcon_notification.desktop_notification.win32': Not used on non-Windows systems
[1.251s] INFO:colcon.colcon_notification.desktop_notification:Sending desktop notification using 'notify2'
[1.262s] DEBUG:colcon.colcon_core.event_reactor:joined thread
[1.262s] INFO:colcon.colcon_core.shell:Creating prefix script '/home/tkleeneuron/cs133b-final-project/install/local_setup.ps1'
[1.263s] INFO:colcon.colcon_core.shell:Creating prefix util module '/home/tkleeneuron/cs133b-final-project/install/_local_setup_util_ps1.py'
[1.264s] INFO:colcon.colcon_core.shell:Creating prefix chain script '/home/tkleeneuron/cs133b-final-project/install/setup.ps1'
[1.266s] INFO:colcon.colcon_core.shell:Creating prefix script '/home/tkleeneuron/cs133b-final-project/install/local_setup.sh'
[1.267s] INFO:colcon.colcon_core.shell:Creating prefix util module '/home/tkleeneuron/cs133b-final-project/install/_local_setup_util_sh.py'
[1.267s] INFO:colcon.colcon_core.shell:Creating prefix chain script '/home/tkleeneuron/cs133b-final-project/install/setup.sh'
[1.268s] INFO:colcon.colcon_core.shell:Creating prefix script '/home/tkleeneuron/cs133b-final-project/install/local_setup.bash'
[1.269s] INFO:colcon.colcon_core.shell:Creating prefix chain script '/home/tkleeneuron/cs133b-final-project/install/setup.bash'
[1.270s] INFO:colcon.colcon_core.shell:Creating prefix script '/home/tkleeneuron/cs133b-final-project/install/local_setup.zsh'
[1.270s] INFO:colcon.colcon_core.shell:Creating prefix chain script '/home/tkleeneuron/cs133b-final-project/install/setup.zsh'
