running egg_info
creating ../../../build/multi_slam/multi_slam.egg-info
writing ../../../build/multi_slam/multi_slam.egg-info/PKG-INFO
writing dependency_links to ../../../build/multi_slam/multi_slam.egg-info/dependency_links.txt
writing entry points to ../../../build/multi_slam/multi_slam.egg-info/entry_points.txt
writing requirements to ../../../build/multi_slam/multi_slam.egg-info/requires.txt
writing top-level names to ../../../build/multi_slam/multi_slam.egg-info/top_level.txt
writing manifest file '../../../build/multi_slam/multi_slam.egg-info/SOURCES.txt'
reading manifest file '../../../build/multi_slam/multi_slam.egg-info/SOURCES.txt'
adding license file 'LICENSE'
writing manifest file '../../../build/multi_slam/multi_slam.egg-info/SOURCES.txt'
running build
running build_py
creating /home/tkleeneuron/cs133b-final-project/build/multi_slam/build
creating /home/tkleeneuron/cs133b-final-project/build/multi_slam/build/lib
creating /home/tkleeneuron/cs133b-final-project/build/multi_slam/build/lib/multi_slam
copying multi_slam/BeaconsNode.py -> /home/tkleeneuron/cs133b-final-project/build/multi_slam/build/lib/multi_slam
copying multi_slam/WorldMap.py -> /home/tkleeneuron/cs133b-final-project/build/multi_slam/build/lib/multi_slam
copying multi_slam/__init__.py -> /home/tkleeneuron/cs133b-final-project/build/multi_slam/build/lib/multi_slam
copying multi_slam/ControllerNode.py -> /home/tkleeneuron/cs133b-final-project/build/multi_slam/build/lib/multi_slam
copying multi_slam/VisualizationNode.py -> /home/tkleeneuron/cs133b-final-project/build/multi_slam/build/lib/multi_slam
copying multi_slam/SimulationNode.py -> /home/tkleeneuron/cs133b-final-project/build/multi_slam/build/lib/multi_slam
copying multi_slam/LidarNode.py -> /home/tkleeneuron/cs133b-final-project/build/multi_slam/build/lib/multi_slam
running install
running install_lib
creating /home/tkleeneuron/cs133b-final-project/install/multi_slam/lib/python3.10/site-packages/multi_slam
copying /home/tkleeneuron/cs133b-final-project/build/multi_slam/build/lib/multi_slam/BeaconsNode.py -> /home/tkleeneuron/cs133b-final-project/install/multi_slam/lib/python3.10/site-packages/multi_slam
copying /home/tkleeneuron/cs133b-final-project/build/multi_slam/build/lib/multi_slam/WorldMap.py -> /home/tkleeneuron/cs133b-final-project/install/multi_slam/lib/python3.10/site-packages/multi_slam
copying /home/tkleeneuron/cs133b-final-project/build/multi_slam/build/lib/multi_slam/__init__.py -> /home/tkleeneuron/cs133b-final-project/install/multi_slam/lib/python3.10/site-packages/multi_slam
copying /home/tkleeneuron/cs133b-final-project/build/multi_slam/build/lib/multi_slam/ControllerNode.py -> /home/tkleeneuron/cs133b-final-project/install/multi_slam/lib/python3.10/site-packages/multi_slam
copying /home/tkleeneuron/cs133b-final-project/build/multi_slam/build/lib/multi_slam/VisualizationNode.py -> /home/tkleeneuron/cs133b-final-project/install/multi_slam/lib/python3.10/site-packages/multi_slam
copying /home/tkleeneuron/cs133b-final-project/build/multi_slam/build/lib/multi_slam/SimulationNode.py -> /home/tkleeneuron/cs133b-final-project/install/multi_slam/lib/python3.10/site-packages/multi_slam
copying /home/tkleeneuron/cs133b-final-project/build/multi_slam/build/lib/multi_slam/LidarNode.py -> /home/tkleeneuron/cs133b-final-project/install/multi_slam/lib/python3.10/site-packages/multi_slam
byte-compiling /home/tkleeneuron/cs133b-final-project/install/multi_slam/lib/python3.10/site-packages/multi_slam/BeaconsNode.py to BeaconsNode.cpython-310.pyc
byte-compiling /home/tkleeneuron/cs133b-final-project/install/multi_slam/lib/python3.10/site-packages/multi_slam/WorldMap.py to WorldMap.cpython-310.pyc
byte-compiling /home/tkleeneuron/cs133b-final-project/install/multi_slam/lib/python3.10/site-packages/multi_slam/__init__.py to __init__.cpython-310.pyc
byte-compiling /home/tkleeneuron/cs133b-final-project/install/multi_slam/lib/python3.10/site-packages/multi_slam/ControllerNode.py to ControllerNode.cpython-310.pyc
byte-compiling /home/tkleeneuron/cs133b-final-project/install/multi_slam/lib/python3.10/site-packages/multi_slam/VisualizationNode.py to VisualizationNode.cpython-310.pyc
byte-compiling /home/tkleeneuron/cs133b-final-project/install/multi_slam/lib/python3.10/site-packages/multi_slam/SimulationNode.py to SimulationNode.cpython-310.pyc
byte-compiling /home/tkleeneuron/cs133b-final-project/install/multi_slam/lib/python3.10/site-packages/multi_slam/LidarNode.py to LidarNode.cpython-310.pyc
running install_data
creating /home/tkleeneuron/cs133b-final-project/install/multi_slam/share/ament_index
creating /home/tkleeneuron/cs133b-final-project/install/multi_slam/share/ament_index/resource_index
creating /home/tkleeneuron/cs133b-final-project/install/multi_slam/share/ament_index/resource_index/packages
copying resource/multi_slam -> /home/tkleeneuron/cs133b-final-project/install/multi_slam/share/ament_index/resource_index/packages
copying package.xml -> /home/tkleeneuron/cs133b-final-project/install/multi_slam/share/multi_slam
running install_egg_info
Copying ../../../build/multi_slam/multi_slam.egg-info to /home/tkleeneuron/cs133b-final-project/install/multi_slam/lib/python3.10/site-packages/multi_slam-0.0.0-py3.10.egg-info
running install_scripts
Installing beacons_node script to /home/tkleeneuron/cs133b-final-project/install/multi_slam/lib/multi_slam
Installing controller_node script to /home/tkleeneuron/cs133b-final-project/install/multi_slam/lib/multi_slam
Installing lidar_node script to /home/tkleeneuron/cs133b-final-project/install/multi_slam/lib/multi_slam
Installing simulation_node script to /home/tkleeneuron/cs133b-final-project/install/multi_slam/lib/multi_slam
Installing visualization_node script to /home/tkleeneuron/cs133b-final-project/install/multi_slam/lib/multi_slam
writing list of installed files to '/home/tkleeneuron/cs133b-final-project/build/multi_slam/install.log'
