[0.519s] Invoking command in '/home/tkleeneuron/cs133b-final-project/multi_slam_ws/src/multi_slam': PYTHONPATH=/home/tkleeneuron/cs133b-final-project/build/multi_slam/prefix_override:/usr/lib/python3/dist-packages/colcon_core/task/python/colcon_distutils_commands:/home/tkleeneuron/cs133b-final-project/install/multi_slam/lib/python3.10/site-packages:${PYTHONPATH} /usr/bin/python3 -W ignore:setup.py install is deprecated -W ignore:easy_install command is deprecated setup.py egg_info --egg-base ../../../build/multi_slam build --build-base /home/tkleeneuron/cs133b-final-project/build/multi_slam/build install --record /home/tkleeneuron/cs133b-final-project/build/multi_slam/install.log --single-version-externally-managed install_data
[0.679s] running egg_info
[0.679s] creating ../../../build/multi_slam/multi_slam.egg-info
[0.679s] writing ../../../build/multi_slam/multi_slam.egg-info/PKG-INFO
[0.680s] writing dependency_links to ../../../build/multi_slam/multi_slam.egg-info/dependency_links.txt
[0.680s] writing entry points to ../../../build/multi_slam/multi_slam.egg-info/entry_points.txt
[0.680s] writing requirements to ../../../build/multi_slam/multi_slam.egg-info/requires.txt
[0.680s] writing top-level names to ../../../build/multi_slam/multi_slam.egg-info/top_level.txt
[0.680s] writing manifest file '../../../build/multi_slam/multi_slam.egg-info/SOURCES.txt'
[0.681s] reading manifest file '../../../build/multi_slam/multi_slam.egg-info/SOURCES.txt'
[0.681s] adding license file 'LICENSE'
[0.682s] writing manifest file '../../../build/multi_slam/multi_slam.egg-info/SOURCES.txt'
[0.682s] running build
[0.682s] running build_py
[0.682s] creating /home/tkleeneuron/cs133b-final-project/build/multi_slam/build
[0.682s] creating /home/tkleeneuron/cs133b-final-project/build/multi_slam/build/lib
[0.682s] creating /home/tkleeneuron/cs133b-final-project/build/multi_slam/build/lib/multi_slam
[0.682s] copying multi_slam/BeaconsNode.py -> /home/tkleeneuron/cs133b-final-project/build/multi_slam/build/lib/multi_slam
[0.682s] copying multi_slam/WorldMap.py -> /home/tkleeneuron/cs133b-final-project/build/multi_slam/build/lib/multi_slam
[0.682s] copying multi_slam/__init__.py -> /home/tkleeneuron/cs133b-final-project/build/multi_slam/build/lib/multi_slam
[0.682s] copying multi_slam/ControllerNode.py -> /home/tkleeneuron/cs133b-final-project/build/multi_slam/build/lib/multi_slam
[0.682s] copying multi_slam/VisualizationNode.py -> /home/tkleeneuron/cs133b-final-project/build/multi_slam/build/lib/multi_slam
[0.682s] copying multi_slam/SimulationNode.py -> /home/tkleeneuron/cs133b-final-project/build/multi_slam/build/lib/multi_slam
[0.682s] copying multi_slam/LidarNode.py -> /home/tkleeneuron/cs133b-final-project/build/multi_slam/build/lib/multi_slam
[0.683s] running install
[0.683s] running install_lib
[0.683s] creating /home/tkleeneuron/cs133b-final-project/install/multi_slam/lib/python3.10/site-packages/multi_slam
[0.683s] copying /home/tkleeneuron/cs133b-final-project/build/multi_slam/build/lib/multi_slam/BeaconsNode.py -> /home/tkleeneuron/cs133b-final-project/install/multi_slam/lib/python3.10/site-packages/multi_slam
[0.683s] copying /home/tkleeneuron/cs133b-final-project/build/multi_slam/build/lib/multi_slam/WorldMap.py -> /home/tkleeneuron/cs133b-final-project/install/multi_slam/lib/python3.10/site-packages/multi_slam
[0.683s] copying /home/tkleeneuron/cs133b-final-project/build/multi_slam/build/lib/multi_slam/__init__.py -> /home/tkleeneuron/cs133b-final-project/install/multi_slam/lib/python3.10/site-packages/multi_slam
[0.683s] copying /home/tkleeneuron/cs133b-final-project/build/multi_slam/build/lib/multi_slam/ControllerNode.py -> /home/tkleeneuron/cs133b-final-project/install/multi_slam/lib/python3.10/site-packages/multi_slam
[0.683s] copying /home/tkleeneuron/cs133b-final-project/build/multi_slam/build/lib/multi_slam/VisualizationNode.py -> /home/tkleeneuron/cs133b-final-project/install/multi_slam/lib/python3.10/site-packages/multi_slam
[0.683s] copying /home/tkleeneuron/cs133b-final-project/build/multi_slam/build/lib/multi_slam/SimulationNode.py -> /home/tkleeneuron/cs133b-final-project/install/multi_slam/lib/python3.10/site-packages/multi_slam
[0.683s] copying /home/tkleeneuron/cs133b-final-project/build/multi_slam/build/lib/multi_slam/LidarNode.py -> /home/tkleeneuron/cs133b-final-project/install/multi_slam/lib/python3.10/site-packages/multi_slam
[0.684s] byte-compiling /home/tkleeneuron/cs133b-final-project/install/multi_slam/lib/python3.10/site-packages/multi_slam/BeaconsNode.py to BeaconsNode.cpython-310.pyc
[0.684s] byte-compiling /home/tkleeneuron/cs133b-final-project/install/multi_slam/lib/python3.10/site-packages/multi_slam/WorldMap.py to WorldMap.cpython-310.pyc
[0.685s] byte-compiling /home/tkleeneuron/cs133b-final-project/install/multi_slam/lib/python3.10/site-packages/multi_slam/__init__.py to __init__.cpython-310.pyc
[0.685s] byte-compiling /home/tkleeneuron/cs133b-final-project/install/multi_slam/lib/python3.10/site-packages/multi_slam/ControllerNode.py to ControllerNode.cpython-310.pyc
[0.685s] byte-compiling /home/tkleeneuron/cs133b-final-project/install/multi_slam/lib/python3.10/site-packages/multi_slam/VisualizationNode.py to VisualizationNode.cpython-310.pyc
[0.685s] byte-compiling /home/tkleeneuron/cs133b-final-project/install/multi_slam/lib/python3.10/site-packages/multi_slam/SimulationNode.py to SimulationNode.cpython-310.pyc
[0.686s] byte-compiling /home/tkleeneuron/cs133b-final-project/install/multi_slam/lib/python3.10/site-packages/multi_slam/LidarNode.py to LidarNode.cpython-310.pyc
[0.686s] running install_data
[0.686s] creating /home/tkleeneuron/cs133b-final-project/install/multi_slam/share/ament_index
[0.686s] creating /home/tkleeneuron/cs133b-final-project/install/multi_slam/share/ament_index/resource_index
[0.686s] creating /home/tkleeneuron/cs133b-final-project/install/multi_slam/share/ament_index/resource_index/packages
[0.686s] copying resource/multi_slam -> /home/tkleeneuron/cs133b-final-project/install/multi_slam/share/ament_index/resource_index/packages
[0.686s] copying package.xml -> /home/tkleeneuron/cs133b-final-project/install/multi_slam/share/multi_slam
[0.686s] running install_egg_info
[0.687s] Copying ../../../build/multi_slam/multi_slam.egg-info to /home/tkleeneuron/cs133b-final-project/install/multi_slam/lib/python3.10/site-packages/multi_slam-0.0.0-py3.10.egg-info
[0.688s] running install_scripts
[0.702s] Installing beacons_node script to /home/tkleeneuron/cs133b-final-project/install/multi_slam/lib/multi_slam
[0.702s] Installing controller_node script to /home/tkleeneuron/cs133b-final-project/install/multi_slam/lib/multi_slam
[0.702s] Installing lidar_node script to /home/tkleeneuron/cs133b-final-project/install/multi_slam/lib/multi_slam
[0.702s] Installing simulation_node script to /home/tkleeneuron/cs133b-final-project/install/multi_slam/lib/multi_slam
[0.702s] Installing visualization_node script to /home/tkleeneuron/cs133b-final-project/install/multi_slam/lib/multi_slam
[0.702s] writing list of installed files to '/home/tkleeneuron/cs133b-final-project/build/multi_slam/install.log'
[0.718s] Invoked command in '/home/tkleeneuron/cs133b-final-project/multi_slam_ws/src/multi_slam' returned '0': PYTHONPATH=/home/tkleeneuron/cs133b-final-project/build/multi_slam/prefix_override:/usr/lib/python3/dist-packages/colcon_core/task/python/colcon_distutils_commands:/home/tkleeneuron/cs133b-final-project/install/multi_slam/lib/python3.10/site-packages:${PYTHONPATH} /usr/bin/python3 -W ignore:setup.py install is deprecated -W ignore:easy_install command is deprecated setup.py egg_info --egg-base ../../../build/multi_slam build --build-base /home/tkleeneuron/cs133b-final-project/build/multi_slam/build install --record /home/tkleeneuron/cs133b-final-project/build/multi_slam/install.log --single-version-externally-managed install_data
