running egg_info
writing ../../../build/multi_slam/multi_slam.egg-info/PKG-INFO
writing dependency_links to ../../../build/multi_slam/multi_slam.egg-info/dependency_links.txt
writing entry points to ../../../build/multi_slam/multi_slam.egg-info/entry_points.txt
writing requirements to ../../../build/multi_slam/multi_slam.egg-info/requires.txt
writing top-level names to ../../../build/multi_slam/multi_slam.egg-info/top_level.txt
reading manifest file '../../../build/multi_slam/multi_slam.egg-info/SOURCES.txt'
adding license file 'LICENSE'
writing manifest file '../../../build/multi_slam/multi_slam.egg-info/SOURCES.txt'
running build
running build_py
copying multi_slam/PhysicsSimNode.py -> /home/tkleeneuron/cs133b-final-project/build/multi_slam/build/lib/multi_slam
copying multi_slam/Map.py -> /home/tkleeneuron/cs133b-final-project/build/multi_slam/build/lib/multi_slam
running install
running install_lib
copying /home/tkleeneuron/cs133b-final-project/build/multi_slam/build/lib/multi_slam/PhysicsSimNode.py -> /home/tkleeneuron/cs133b-final-project/install/multi_slam/lib/python3.10/site-packages/multi_slam
copying /home/tkleeneuron/cs133b-final-project/build/multi_slam/build/lib/multi_slam/Map.py -> /home/tkleeneuron/cs133b-final-project/install/multi_slam/lib/python3.10/site-packages/multi_slam
byte-compiling /home/tkleeneuron/cs133b-final-project/install/multi_slam/lib/python3.10/site-packages/multi_slam/PhysicsSimNode.py to PhysicsSimNode.cpython-310.pyc
byte-compiling /home/tkleeneuron/cs133b-final-project/install/multi_slam/lib/python3.10/site-packages/multi_slam/Map.py to Map.cpython-310.pyc
running install_data
copying launch/multi_slam_launch.py -> /home/tkleeneuron/cs133b-final-project/install/multi_slam/share/multi_slam/launch
running install_egg_info
removing '/home/tkleeneuron/cs133b-final-project/install/multi_slam/lib/python3.10/site-packages/multi_slam-0.0.0-py3.10.egg-info' (and everything under it)
Copying ../../../build/multi_slam/multi_slam.egg-info to /home/tkleeneuron/cs133b-final-project/install/multi_slam/lib/python3.10/site-packages/multi_slam-0.0.0-py3.10.egg-info
running install_scripts
Installing physics_sim script to /home/tkleeneuron/cs133b-final-project/install/multi_slam/lib/multi_slam
writing list of installed files to '/home/tkleeneuron/cs133b-final-project/build/multi_slam/install.log'
