[0.469s] Invoking command in '/home/tkleeneuron/cs133b-final-project/multi_slam_ws/src/multi_slam': PYTHONPATH=/home/tkleeneuron/cs133b-final-project/build/multi_slam/prefix_override:/usr/lib/python3/dist-packages/colcon_core/task/python/colcon_distutils_commands:/home/tkleeneuron/cs133b-final-project/install/multi_slam/lib/python3.10/site-packages:${PYTHONPATH} /usr/bin/python3 -W ignore:setup.py install is deprecated -W ignore:easy_install command is deprecated setup.py egg_info --egg-base ../../../build/multi_slam build --build-base /home/tkleeneuron/cs133b-final-project/build/multi_slam/build install --record /home/tkleeneuron/cs133b-final-project/build/multi_slam/install.log --single-version-externally-managed install_data
[0.659s] running egg_info
[0.659s] writing ../../../build/multi_slam/multi_slam.egg-info/PKG-INFO
[0.659s] writing dependency_links to ../../../build/multi_slam/multi_slam.egg-info/dependency_links.txt
[0.659s] writing entry points to ../../../build/multi_slam/multi_slam.egg-info/entry_points.txt
[0.659s] writing requirements to ../../../build/multi_slam/multi_slam.egg-info/requires.txt
[0.660s] writing top-level names to ../../../build/multi_slam/multi_slam.egg-info/top_level.txt
[0.661s] reading manifest file '../../../build/multi_slam/multi_slam.egg-info/SOURCES.txt'
[0.661s] adding license file 'LICENSE'
[0.661s] writing manifest file '../../../build/multi_slam/multi_slam.egg-info/SOURCES.txt'
[0.661s] running build
[0.661s] running build_py
[0.661s] copying multi_slam/PhysicsSimNode.py -> /home/tkleeneuron/cs133b-final-project/build/multi_slam/build/lib/multi_slam
[0.661s] copying multi_slam/Map.py -> /home/tkleeneuron/cs133b-final-project/build/multi_slam/build/lib/multi_slam
[0.662s] running install
[0.662s] running install_lib
[0.662s] copying /home/tkleeneuron/cs133b-final-project/build/multi_slam/build/lib/multi_slam/PhysicsSimNode.py -> /home/tkleeneuron/cs133b-final-project/install/multi_slam/lib/python3.10/site-packages/multi_slam
[0.662s] copying /home/tkleeneuron/cs133b-final-project/build/multi_slam/build/lib/multi_slam/Map.py -> /home/tkleeneuron/cs133b-final-project/install/multi_slam/lib/python3.10/site-packages/multi_slam
[0.663s] byte-compiling /home/tkleeneuron/cs133b-final-project/install/multi_slam/lib/python3.10/site-packages/multi_slam/PhysicsSimNode.py to PhysicsSimNode.cpython-310.pyc
[0.664s] byte-compiling /home/tkleeneuron/cs133b-final-project/install/multi_slam/lib/python3.10/site-packages/multi_slam/Map.py to Map.cpython-310.pyc
[0.664s] running install_data
[0.665s] copying launch/multi_slam_launch.py -> /home/tkleeneuron/cs133b-final-project/install/multi_slam/share/multi_slam/launch
[0.665s] running install_egg_info
[0.666s] removing '/home/tkleeneuron/cs133b-final-project/install/multi_slam/lib/python3.10/site-packages/multi_slam-0.0.0-py3.10.egg-info' (and everything under it)
[0.666s] Copying ../../../build/multi_slam/multi_slam.egg-info to /home/tkleeneuron/cs133b-final-project/install/multi_slam/lib/python3.10/site-packages/multi_slam-0.0.0-py3.10.egg-info
[0.666s] running install_scripts
[0.680s] Installing physics_sim script to /home/tkleeneuron/cs133b-final-project/install/multi_slam/lib/multi_slam
[0.680s] writing list of installed files to '/home/tkleeneuron/cs133b-final-project/build/multi_slam/install.log'
[0.698s] Invoked command in '/home/tkleeneuron/cs133b-final-project/multi_slam_ws/src/multi_slam' returned '0': PYTHONPATH=/home/tkleeneuron/cs133b-final-project/build/multi_slam/prefix_override:/usr/lib/python3/dist-packages/colcon_core/task/python/colcon_distutils_commands:/home/tkleeneuron/cs133b-final-project/install/multi_slam/lib/python3.10/site-packages:${PYTHONPATH} /usr/bin/python3 -W ignore:setup.py install is deprecated -W ignore:easy_install command is deprecated setup.py egg_info --egg-base ../../../build/multi_slam build --build-base /home/tkleeneuron/cs133b-final-project/build/multi_slam/build install --record /home/tkleeneuron/cs133b-final-project/build/multi_slam/install.log --single-version-externally-managed install_data
